[debug] [2023-02-09T17:06:06.253Z] ----------------------------------------------------------------------
[debug] [2023-02-09T17:06:06.255Z] Command:       C:\Program Files\nodejs\node.exe C:\Users\ears1\AppData\Roaming\npm\node_modules\firebase-tools\lib\bin\firebase.js deploy
[debug] [2023-02-09T17:06:06.256Z] CLI Version:   11.22.0
[debug] [2023-02-09T17:06:06.256Z] Platform:      win32
[debug] [2023-02-09T17:06:06.256Z] Node Version:  v18.13.0
[debug] [2023-02-09T17:06:06.258Z] Time:          Thu Feb 09 2023 12:06:06 GMT-0500 (hora estándar de Colombia)
[debug] [2023-02-09T17:06:06.258Z] ----------------------------------------------------------------------
[debug] 
[debug] [2023-02-09T17:06:06.359Z] > command requires scopes: ["email","openid","https://www.googleapis.com/auth/cloudplatformprojects.readonly","https://www.googleapis.com/auth/firebase","https://www.googleapis.com/auth/cloud-platform"]
[debug] [2023-02-09T17:06:06.360Z] > authorizing via signed-in user (edgarruizs@unicauca.edu.co)
[debug] [2023-02-09T17:06:06.360Z] [iam] checking project appfirmas-bc508 for permissions ["firebase.projects.get","firebasehosting.sites.update"]
[debug] [2023-02-09T17:06:06.364Z] >>> [apiv2][query] POST https://cloudresourcemanager.googleapis.com/v1/projects/appfirmas-bc508:testIamPermissions [none]
[debug] [2023-02-09T17:06:06.365Z] >>> [apiv2][(partial)header] POST https://cloudresourcemanager.googleapis.com/v1/projects/appfirmas-bc508:testIamPermissions x-goog-quota-user=projects/appfirmas-bc508
[debug] [2023-02-09T17:06:06.365Z] >>> [apiv2][body] POST https://cloudresourcemanager.googleapis.com/v1/projects/appfirmas-bc508:testIamPermissions {"permissions":["firebase.projects.get","firebasehosting.sites.update"]}
[debug] [2023-02-09T17:06:12.748Z] ----------------------------------------------------------------------
[debug] [2023-02-09T17:06:12.750Z] Command:       C:\Program Files\nodejs\node.exe C:\Users\ears1\AppData\Roaming\npm\node_modules\firebase-tools\lib\bin\firebase.js init
[debug] [2023-02-09T17:06:12.751Z] CLI Version:   11.22.0
[debug] [2023-02-09T17:06:12.751Z] Platform:      win32
[debug] [2023-02-09T17:06:12.751Z] Node Version:  v18.13.0
[debug] [2023-02-09T17:06:12.752Z] Time:          Thu Feb 09 2023 12:06:12 GMT-0500 (hora estándar de Colombia)
[debug] [2023-02-09T17:06:12.753Z] ----------------------------------------------------------------------
[debug] 
[debug] [2023-02-09T17:06:12.850Z] > command requires scopes: ["email","openid","https://www.googleapis.com/auth/cloudplatformprojects.readonly","https://www.googleapis.com/auth/firebase","https://www.googleapis.com/auth/cloud-platform"]
[debug] [2023-02-09T17:06:12.851Z] > authorizing via signed-in user (edgarruizs@unicauca.edu.co)
[info] 
     ######## #### ########  ######## ########     ###     ######  ########
     ##        ##  ##     ## ##       ##     ##  ##   ##  ##       ##
     ######    ##  ########  ######   ########  #########  ######  ######
     ##        ##  ##    ##  ##       ##     ## ##     ##       ## ##
     ##       #### ##     ## ######## ########  ##     ##  ######  ########

You're about to initialize a Firebase project in this directory:

  F:\Personal\firmas\Servidor

Before we get started, keep in mind:

  * You are initializing within an existing Firebase project directory

[info] 
=== Project Setup
[info] 
[info] First, let's associate this project directory with a Firebase project.
[info] You can create multiple project aliases by running firebase use --add, 
[info] but for now we'll just set up a default project.
[info] 
[debug] [2023-02-09T17:06:34.000Z] Using project from CLI flag: appfirmas-bc508
[debug] [2023-02-09T17:06:34.003Z] >>> [apiv2][query] GET https://firebase.googleapis.com/v1beta1/projects/appfirmas-bc508 [none]
[debug] [2023-02-09T17:06:34.524Z] <<< [apiv2][status] GET https://firebase.googleapis.com/v1beta1/projects/appfirmas-bc508 200
[debug] [2023-02-09T17:06:34.524Z] <<< [apiv2][body] GET https://firebase.googleapis.com/v1beta1/projects/appfirmas-bc508 {"projectId":"appfirmas-bc508","projectNumber":"252038610402","displayName":"APPFIRMAS","name":"projects/appfirmas-bc508","resources":{"hostingSite":"appfirmas-bc508"},"state":"ACTIVE","etag":"1_1a476781-ed9f-460a-b628-561dc2ffd710"}
[info] i  Using project appfirmas-bc508 (APPFIRMAS) 
[info] 
=== Hosting Setup
[info] 
[info] Your public directory is the folder (relative to your project directory) that
[info] will contain Hosting assets to be uploaded with firebase deploy. If you
[info] have a build process for your assets, use your build's output directory.
[info] 
